<?xml version="1.0" encoding="UTF-8"?>
<!-- Generated by org.testng.reporters.JUnitXMLReporter -->
<testsuite hostname="DSB-PC" ignored="1" name="Chrome Test" tests="4" failures="0" timestamp="20 Nov 2018 01:26:20 GMT" time="20.37" errors="0">
  <testcase name="verifyTitle" time="0.061" classname="demo.CBT"/>
  <testcase name="verifySignInBtnVisibility" time="0.224" classname="demo.CBT"/>
  <testcase name="verifyText" time="0.182" classname="demo.CBT"/>
  <testcase name="verifySearchBtnStatusAfterEnteringText" time="0.763" classname="demo.CBT"/>
  <testcase name="verifySearchBtnStatusBeforeEnteringText" time="0.0" classname="demo.CBT">
    <ignored/>
  </testcase> <!-- verifySearchBtnStatusBeforeEnteringText -->
</testsuite> <!-- Chrome Test -->
