<?xml version="1.0" encoding="UTF-8"?>
<!-- Generated by org.testng.reporters.JUnitXMLReporter -->
<testsuite hostname="DSB-PC" ignored="1" name="IE Test" tests="4" failures="0" timestamp="20 Nov 2018 01:26:44 GMT" time="23.205" errors="0">
  <testcase name="verifyTitle" time="0.149" classname="demo.CBT"/>
  <testcase name="verifySignInBtnVisibility" time="1.008" classname="demo.CBT"/>
  <testcase name="verifyText" time="0.694" classname="demo.CBT"/>
  <testcase name="verifySearchBtnStatusAfterEnteringText" time="1.672" classname="demo.CBT"/>
  <testcase name="verifySearchBtnStatusBeforeEnteringText" time="0.0" classname="demo.CBT">
    <ignored/>
  </testcase> <!-- verifySearchBtnStatusBeforeEnteringText -->
</testsuite> <!-- IE Test -->
